<?xml version="1.0" encoding="utf-8"?><testsuites><testsuite name="pytest" errors="0" failures="0" skipped="0" tests="19" time="1.145" timestamp="2023-09-18T17:58:34.005333" hostname="LAPTOP-EJNE6FTK"><testcase classname="testcase.Business interface.test_business_scenario.TestEBusinessScenario" name="test_business_scenario[case_info0]" time="0.229" /><testcase classname="testcase.Business interface.test_business_scenario.TestEBusinessScenario" name="test_business_scenario[case_info1]" time="0.044" /><testcase classname="testcase.Business interface.test_business_scenario.TestEBusinessScenario" name="test_business_scenario[case_info2]" time="0.035" /><testcase classname="testcase.Business interface.test_business_scenario.TestEBusinessScenario" name="test_business_scenario[case_info3]" time="0.033" /><testcase classname="testcase.Business interface.test_business_scenario.TestEBusinessScenario" name="test_business_scenario[case_info4]" time="0.019" /><testcase classname="testcase.ProductManager.test_productList.TestLogin" name="test_get_product_list[base_info0-testcase0]" time="0.020" /><testcase classname="testcase.ProductManager.test_productList.TestLogin" name="test_get_product_detail[base_info0-testcase0]" time="0.019" /><testcase classname="testcase.ProductManager.test_productList.TestLogin" name="test_commit_order[base_info0-testcase0]" time="0.020" /><testcase classname="testcase.ProductManager.test_productList.TestLogin" name="test_order_pay[base_info0-testcase0]" time="0.023" /><testcase classname="testcase.Single interface.test_debug_api.TestUserManager" name="test_add_user[base_info0-testcase0]" time="0.018" /><testcase classname="testcase.Single interface.test_debug_api.TestUserManager" name="test_add_user[base_info1-testcase1]" time="0.015" /><testcase classname="testcase.Single interface.test_debug_api.TestUserManager" name="test_add_user[base_info2-testcase2]" time="0.037" /><testcase classname="testcase.Single interface.test_debug_api.TestUserManager" name="test_add_user[base_info3-testcase3]" time="0.013" /><testcase classname="testcase.Single interface.test_debug_api.TestUserManager" name="test_update_user[base_info0-testcase0]" time="0.013" /><testcase classname="testcase.Single interface.test_debug_api.TestUserManager" name="test_delete_user[base_info0-testcase0]" time="0.012" /><testcase classname="testcase.Single interface.test_debug_api.TestUserManager" name="test_delete_user[base_info1-testcase1]" time="0.032" /><testcase classname="testcase.Single interface.test_debug_api.TestUserManager" name="test_delete_user[base_info2-testcase2]" time="0.031" /><testcase classname="testcase.Single interface.test_debug_api.TestUserManager" name="test_delete_user[base_info3-testcase3]" time="0.034" /><testcase classname="testcase.Single interface.test_debug_api.TestUserManager" name="test_query_user[base_info0-testcase0]" time="0.025" /></testsuite></testsuites>